# JRE version: Java(TM) SE Runtime Environment (8.0_121-b13) (build 1.8.0_121-b13)
# Java VM: Java HotSpot(TM) 64-Bit Server VM (25.121-b13 mixed mode bsd-amd64 compressed oops)
Heap:
 PSYoungGen      total 215040K, used 171930K [0x00000007b0000000, 0x00000007c0000000, 0x00000007c0000000)
  eden space 186368K, 77% used [0x00000007b0000000,0x00000007b8c58938,0x00000007bb600000)
  from space 28672K, 98% used [0x00000007bb600000,0x00000007bd18e078,0x00000007bd200000)
  to   space 39936K, 0% used [0x00000007bd900000,0x00000007bd900000,0x00000007c0000000)
 ParOldGen       total 524288K, used 86287K [0x0000000790000000, 0x00000007b0000000, 0x00000007b0000000)
  object space 524288K, 16% used [0x0000000790000000,0x0000000795443cc0,0x00000007b0000000)
 Metaspace       used 72891K, capacity 75160K, committed 75516K, reserved 1114112K
  class space    used 9361K, capacity 10114K, committed 10236K, reserved 1048576K
GC Heap History (10 events):
Event: 14.044 GC heap before
{Heap before GC invocations=26 (full 3):
 PSYoungGen      total 221184K, used 188314K [0x00000007b0000000, 0x00000007c0000000, 0x00000007c0000000)
  eden space 180224K, 100% used [0x00000007b0000000,0x00000007bb000000,0x00000007bb000000)
  from space 40960K, 19% used [0x00000007bd800000,0x00000007bdfe69d0,0x00000007c0000000)
  to   space 40960K, 0% used [0x00000007bb000000,0x00000007bb000000,0x00000007bd800000)
 ParOldGen       total 524288K, used 86263K [0x0000000790000000, 0x00000007b0000000, 0x00000007b0000000)
  object space 524288K, 16% used [0x0000000790000000,0x000000079543dcc0,0x00000007b0000000)
 Metaspace       used 60730K, capacity 61856K, committed 62204K, reserved 1103872K
  class space    used 7544K, capacity 7825K, committed 7932K, reserved 1048576K
Event: 14.055 GC heap after
Heap after GC invocations=26 (full 3):
 PSYoungGen      total 221184K, used 10825K [0x00000007b0000000, 0x00000007c0000000, 0x00000007c0000000)
  eden space 180224K, 0% used [0x00000007b0000000,0x00000007b0000000,0x00000007bb000000)
  from space 40960K, 26% used [0x00000007bb000000,0x00000007bba925d8,0x00000007bd800000)
  to   space 39936K, 0% used [0x00000007bd900000,0x00000007bd900000,0x00000007c0000000)
 ParOldGen       total 524288K, used 86271K [0x0000000790000000, 0x00000007b0000000, 0x00000007b0000000)
  object space 524288K, 16% used [0x0000000790000000,0x000000079543fcc0,0x00000007b0000000)
 Metaspace       used 60730K, capacity 61856K, committed 62204K, reserved 1103872K
  class space    used 7544K, capacity 7825K, committed 7932K, reserved 1048576K
}
Event: 14.916 GC heap before
{Heap before GC invocations=27 (full 3):
 PSYoungGen      total 221184K, used 191049K [0x00000007b0000000, 0x00000007c0000000, 0x00000007c0000000)
  eden space 180224K, 100% used [0x00000007b0000000,0x00000007bb000000,0x00000007bb000000)
  from space 40960K, 26% used [0x00000007bb000000,0x00000007bba925d8,0x00000007bd800000)
  to   space 39936K, 0% used [0x00000007bd900000,0x00000007bd900000,0x00000007c0000000)
 ParOldGen       total 524288K, used 86271K [0x0000000790000000, 0x00000007b0000000, 0x00000007b0000000)
  object space 524288K, 16% used [0x0000000790000000,0x000000079543fcc0,0x00000007b0000000)
 Metaspace       used 62776K, capacity 64098K, committed 64380K, reserved 1105920K
  class space    used 7867K, capacity 8220K, committed 8316K, reserved 1048576K
Event: 14.931 GC heap after
Heap after GC invocations=27 (full 3):
 PSYoungGen      total 224256K, used 16211K [0x00000007b0000000, 0x00000007c0000000, 0x00000007c0000000)
  eden space 184320K, 0% used [0x00000007b0000000,0x00000007b0000000,0x00000007bb400000)
  from space 39936K, 40% used [0x00000007bd900000,0x00000007be8d4d50,0x00000007c0000000)
  to   space 37888K, 0% used [0x00000007bb400000,0x00000007bb400000,0x00000007bd900000)
 ParOldGen       total 524288K, used 86271K [0x0000000790000000, 0x00000007b0000000, 0x00000007b0000000)
  object space 524288K, 16% used [0x0000000790000000,0x000000079543fcc0,0x00000007b0000000)
 Metaspace       used 62776K, capacity 64098K, committed 64380K, reserved 1105920K
  class space    used 7867K, capacity 8220K, committed 8316K, reserved 1048576K
}
Event: 16.017 GC heap before
{Heap before GC invocations=28 (full 3):
 PSYoungGen      total 224256K, used 200531K [0x00000007b0000000, 0x00000007c0000000, 0x00000007c0000000)
  eden space 184320K, 100% used [0x00000007b0000000,0x00000007bb400000,0x00000007bb400000)
  from space 39936K, 40% used [0x00000007bd900000,0x00000007be8d4d50,0x00000007c0000000)
  to   space 37888K, 0% used [0x00000007bb400000,0x00000007bb400000,0x00000007bd900000)
 ParOldGen       total 524288K, used 86271K [0x0000000790000000, 0x00000007b0000000, 0x00000007b0000000)
  object space 524288K, 16% used [0x0000000790000000,0x000000079543fcc0,0x00000007b0000000)
 Metaspace       used 65821K, capacity 67404K, committed 67708K, reserved 1107968K
  class space    used 8329K, capacity 8781K, committed 8828K, reserved 1048576K
Event: 16.032 GC heap after
Heap after GC invocations=28 (full 3):
 PSYoungGen      total 222208K, used 20402K [0x00000007b0000000, 0x00000007c0000000, 0x00000007c0000000)
  eden space 184320K, 0% used [0x00000007b0000000,0x00000007b0000000,0x00000007bb400000)
  from space 37888K, 53% used [0x00000007bb400000,0x00000007bc7ec938,0x00000007bd900000)
  to   space 36864K, 0% used [0x00000007bdc00000,0x00000007bdc00000,0x00000007c0000000)
 ParOldGen       total 524288K, used 86279K [0x0000000790000000, 0x00000007b0000000, 0x00000007b0000000)
  object space 524288K, 16% used [0x0000000790000000,0x0000000795441cc0,0x00000007b0000000)
 Metaspace       used 65821K, capacity 67404K, committed 67708K, reserved 1107968K
  class space    used 8329K, capacity 8781K, committed 8828K, reserved 1048576K
}
Event: 18.317 GC heap before
{Heap before GC invocations=29 (full 3):
 PSYoungGen      total 222208K, used 204722K [0x00000007b0000000, 0x00000007c0000000, 0x00000007c0000000)
  eden space 184320K, 100% used [0x00000007b0000000,0x00000007bb400000,0x00000007bb400000)
  from space 37888K, 53% used [0x00000007bb400000,0x00000007bc7ec938,0x00000007bd900000)
  to   space 36864K, 0% used [0x00000007bdc00000,0x00000007bdc00000,0x00000007c0000000)
 ParOldGen       total 524288K, used 86279K [0x0000000790000000, 0x00000007b0000000, 0x00000007b0000000)
  object space 524288K, 16% used [0x0000000790000000,0x0000000795441cc0,0x00000007b0000000)
 Metaspace       used 70007K, capacity 71680K, committed 71932K, reserved 1112064K
  class space    used 8902K, capacity 9445K, committed 9468K, reserved 1048576K
Event: 18.337 GC heap after
Heap after GC invocations=29 (full 3):
 PSYoungGen      total 223232K, used 25834K [0x00000007b0000000, 0x00000007c0000000, 0x00000007c0000000)
  eden space 186368K, 0% used [0x00000007b0000000,0x00000007b0000000,0x00000007bb600000)
  from space 36864K, 70% used [0x00000007bdc00000,0x00000007bf53ab30,0x00000007c0000000)
  to   space 37888K, 0% used [0x00000007bb600000,0x00000007bb600000,0x00000007bdb00000)
 ParOldGen       total 524288K, used 86287K [0x0000000790000000, 0x00000007b0000000, 0x00000007b0000000)
  object space 524288K, 16% used [0x0000000790000000,0x0000000795443cc0,0x00000007b0000000)
 Metaspace       used 70007K, capacity 71680K, committed 71932K, reserved 1112064K
  class space    used 8902K, capacity 9445K, committed 9468K, reserved 1048576K
}
Event: 19.049 GC heap before
{Heap before GC invocations=30 (full 3):
 PSYoungGen      total 223232K, used 212202K [0x00000007b0000000, 0x00000007c0000000, 0x00000007c0000000)
  eden space 186368K, 100% used [0x00000007b0000000,0x00000007bb600000,0x00000007bb600000)
  from space 36864K, 70% used [0x00000007bdc00000,0x00000007bf53ab30,0x00000007c0000000)
  to   space 37888K, 0% used [0x00000007bb600000,0x00000007bb600000,0x00000007bdb00000)
 ParOldGen       total 524288K, used 86287K [0x0000000790000000, 0x00000007b0000000, 0x00000007b0000000)
  object space 524288K, 16% used [0x0000000790000000,0x0000000795443cc0,0x00000007b0000000)
 Metaspace       used 71000K, capacity 73088K, committed 73340K, reserved 1112064K
  class space    used 9109K, capacity 9794K, committed 9852K, reserved 1048576K
Event: 19.068 GC heap after
Heap after GC invocations=30 (full 3):
 PSYoungGen      total 215040K, used 28216K [0x00000007b0000000, 0x00000007c0000000, 0x00000007c0000000)
  eden space 186368K, 0% used [0x00000007b0000000,0x00000007b0000000,0x00000007bb600000)
  from space 28672K, 98% used [0x00000007bb600000,0x00000007bd18e078,0x00000007bd200000)
  to   space 39936K, 0% used [0x00000007bd900000,0x00000007bd900000,0x00000007c0000000)
 ParOldGen       total 524288K, used 86287K [0x0000000790000000, 0x00000007b0000000, 0x00000007b0000000)
  object space 524288K, 16% used [0x0000000790000000,0x0000000795443cc0,0x00000007b0000000)
 Metaspace       used 71000K, capacity 73088K, committed 73340K, reserved 1112064K
  class space    used 9109K, capacity 9794K, committed 9852K, reserved 1048576K
}

